{"/Users/ericfouh/Downloads/CIS3500-SP23/Lecture-Examples/Fall23/StudentsAppBackend/DbOperations.js": {"path":"/Users/ericfouh/Downloads/CIS3500-SP23/Lecture-Examples/Fall23/StudentsAppBackend/DbOperations.js","statementMap":{"0":{"start":{"line":10,"column":24},"end":{"line":10,"column":42}},"1":{"start":{"line":13,"column":21},"end":{"line":13,"column":39}},"2":{"start":{"line":16,"column":14},"end":{"line":16,"column":119}},"3":{"start":{"line":25,"column":16},"end":{"line":38,"column":1}},"4":{"start":{"line":27,"column":2},"end":{"line":37,"column":3}},"5":{"start":{"line":28,"column":4},"end":{"line":31,"column":7}},"6":{"start":{"line":33,"column":4},"end":{"line":33,"column":73}},"7":{"start":{"line":34,"column":4},"end":{"line":34,"column":27}},"8":{"start":{"line":36,"column":4},"end":{"line":36,"column":29}},"9":{"start":{"line":43,"column":14},"end":{"line":49,"column":1}},"10":{"start":{"line":45,"column":2},"end":{"line":47,"column":3}},"11":{"start":{"line":46,"column":4},"end":{"line":46,"column":20}},"12":{"start":{"line":48,"column":2},"end":{"line":48,"column":30}},"13":{"start":{"line":55,"column":31},"end":{"line":57,"column":1}},"14":{"start":{"line":56,"column":2},"end":{"line":56,"column":32}},"15":{"start":{"line":64,"column":20},"end":{"line":75,"column":1}},"16":{"start":{"line":65,"column":2},"end":{"line":74,"column":3}},"17":{"start":{"line":67,"column":15},"end":{"line":67,"column":28}},"18":{"start":{"line":68,"column":19},"end":{"line":68,"column":69}},"19":{"start":{"line":70,"column":4},"end":{"line":70,"column":55}},"20":{"start":{"line":71,"column":4},"end":{"line":71,"column":18}},"21":{"start":{"line":73,"column":4},"end":{"line":73,"column":41}},"22":{"start":{"line":85,"column":19},"end":{"line":106,"column":1}},"23":{"start":{"line":87,"column":13},"end":{"line":87,"column":26}},"24":{"start":{"line":88,"column":17},"end":{"line":88,"column":70}},"25":{"start":{"line":89,"column":2},"end":{"line":89,"column":27}},"26":{"start":{"line":114,"column":19},"end":{"line":125,"column":1}},"27":{"start":{"line":115,"column":2},"end":{"line":124,"column":3}},"28":{"start":{"line":117,"column":15},"end":{"line":117,"column":28}},"29":{"start":{"line":118,"column":19},"end":{"line":118,"column":92}},"30":{"start":{"line":120,"column":4},"end":{"line":120,"column":54}},"31":{"start":{"line":121,"column":4},"end":{"line":121,"column":18}},"32":{"start":{"line":123,"column":4},"end":{"line":123,"column":41}},"33":{"start":{"line":134,"column":22},"end":{"line":146,"column":1}},"34":{"start":{"line":135,"column":2},"end":{"line":145,"column":3}},"35":{"start":{"line":137,"column":15},"end":{"line":137,"column":28}},"36":{"start":{"line":138,"column":19},"end":{"line":141,"column":5}},"37":{"start":{"line":142,"column":4},"end":{"line":142,"column":18}},"38":{"start":{"line":144,"column":4},"end":{"line":144,"column":41}},"39":{"start":{"line":155,"column":22},"end":{"line":168,"column":1}},"40":{"start":{"line":156,"column":2},"end":{"line":167,"column":3}},"41":{"start":{"line":158,"column":15},"end":{"line":158,"column":28}},"42":{"start":{"line":159,"column":19},"end":{"line":161,"column":5}},"43":{"start":{"line":163,"column":4},"end":{"line":163,"column":54}},"44":{"start":{"line":164,"column":4},"end":{"line":164,"column":18}},"45":{"start":{"line":166,"column":4},"end":{"line":166,"column":41}},"46":{"start":{"line":171,"column":0},"end":{"line":180,"column":2}}},"fnMap":{"0":{"name":"(anonymous_0)","decl":{"start":{"line":25,"column":16},"end":{"line":25,"column":17}},"loc":{"start":{"line":25,"column":28},"end":{"line":38,"column":1}},"line":25},"1":{"name":"(anonymous_1)","decl":{"start":{"line":43,"column":14},"end":{"line":43,"column":15}},"loc":{"start":{"line":43,"column":26},"end":{"line":49,"column":1}},"line":43},"2":{"name":"(anonymous_2)","decl":{"start":{"line":55,"column":31},"end":{"line":55,"column":32}},"loc":{"start":{"line":55,"column":43},"end":{"line":57,"column":1}},"line":55},"3":{"name":"(anonymous_3)","decl":{"start":{"line":64,"column":20},"end":{"line":64,"column":21}},"loc":{"start":{"line":64,"column":32},"end":{"line":75,"column":1}},"line":64},"4":{"name":"(anonymous_4)","decl":{"start":{"line":85,"column":19},"end":{"line":85,"column":20}},"loc":{"start":{"line":85,"column":41},"end":{"line":106,"column":1}},"line":85},"5":{"name":"(anonymous_5)","decl":{"start":{"line":114,"column":19},"end":{"line":114,"column":20}},"loc":{"start":{"line":114,"column":40},"end":{"line":125,"column":1}},"line":114},"6":{"name":"(anonymous_6)","decl":{"start":{"line":134,"column":22},"end":{"line":134,"column":23}},"loc":{"start":{"line":134,"column":53},"end":{"line":146,"column":1}},"line":134},"7":{"name":"(anonymous_7)","decl":{"start":{"line":155,"column":22},"end":{"line":155,"column":23}},"loc":{"start":{"line":155,"column":43},"end":{"line":168,"column":1}},"line":155}},"branchMap":{"0":{"loc":{"start":{"line":45,"column":2},"end":{"line":47,"column":3}},"type":"if","locations":[{"start":{"line":45,"column":2},"end":{"line":47,"column":3}},{"start":{},"end":{}}],"line":45}},"s":{"0":4,"1":4,"2":4,"3":4,"4":4,"5":4,"6":4,"7":4,"8":0,"9":4,"10":8,"11":0,"12":8,"13":4,"14":4,"15":4,"16":1,"17":1,"18":1,"19":1,"20":1,"21":0,"22":4,"23":1,"24":1,"25":1,"26":4,"27":2,"28":2,"29":2,"30":1,"31":1,"32":1,"33":4,"34":1,"35":1,"36":1,"37":1,"38":0,"39":4,"40":3,"41":3,"42":3,"43":2,"44":2,"45":1,"46":4},"f":{"0":4,"1":8,"2":4,"3":1,"4":1,"5":2,"6":1,"7":3},"b":{"0":[0,8]},"_coverageSchema":"1a1c01bbd47fc00a2c39e90264f33305004495a9","hash":"28603e0f8f60c96624553eecbd4630b18fa7c11e"}
,"/Users/ericfouh/Downloads/CIS3500-SP23/Lecture-Examples/Fall23/StudentsAppBackend/server.js": {"path":"/Users/ericfouh/Downloads/CIS3500-SP23/Lecture-Examples/Fall23/StudentsAppBackend/server.js","statementMap":{"0":{"start":{"line":6,"column":16},"end":{"line":6,"column":34}},"1":{"start":{"line":9,"column":13},"end":{"line":9,"column":28}},"2":{"start":{"line":12,"column":15},"end":{"line":12,"column":24}},"3":{"start":{"line":15,"column":0},"end":{"line":15,"column":19}},"4":{"start":{"line":18,"column":0},"end":{"line":18,"column":49}},"5":{"start":{"line":21,"column":14},"end":{"line":21,"column":39}},"6":{"start":{"line":24,"column":0},"end":{"line":26,"column":3}},"7":{"start":{"line":25,"column":4},"end":{"line":25,"column":73}},"8":{"start":{"line":32,"column":0},"end":{"line":44,"column":3}},"9":{"start":{"line":33,"column":4},"end":{"line":43,"column":5}},"10":{"start":{"line":35,"column":25},"end":{"line":35,"column":50}},"11":{"start":{"line":37,"column":8},"end":{"line":37,"column":48}},"12":{"start":{"line":41,"column":8},"end":{"line":41,"column":63}},"13":{"start":{"line":49,"column":0},"end":{"line":63,"column":5}},"14":{"start":{"line":50,"column":4},"end":{"line":50,"column":34}},"15":{"start":{"line":51,"column":4},"end":{"line":62,"column":5}},"16":{"start":{"line":53,"column":22},"end":{"line":53,"column":59}},"17":{"start":{"line":54,"column":6},"end":{"line":57,"column":7}},"18":{"start":{"line":55,"column":8},"end":{"line":55,"column":59}},"19":{"start":{"line":56,"column":8},"end":{"line":56,"column":15}},"20":{"start":{"line":59,"column":6},"end":{"line":59,"column":46}},"21":{"start":{"line":61,"column":6},"end":{"line":61,"column":59}},"22":{"start":{"line":68,"column":0},"end":{"line":88,"column":3}},"23":{"start":{"line":70,"column":4},"end":{"line":73,"column":5}},"24":{"start":{"line":71,"column":8},"end":{"line":71,"column":85}},"25":{"start":{"line":72,"column":8},"end":{"line":72,"column":15}},"26":{"start":{"line":74,"column":4},"end":{"line":86,"column":5}},"27":{"start":{"line":76,"column":27},"end":{"line":80,"column":9}},"28":{"start":{"line":81,"column":23},"end":{"line":81,"column":57}},"29":{"start":{"line":82,"column":8},"end":{"line":82,"column":52}},"30":{"start":{"line":85,"column":8},"end":{"line":85,"column":63}},"31":{"start":{"line":93,"column":0},"end":{"line":105,"column":5}},"32":{"start":{"line":94,"column":4},"end":{"line":104,"column":5}},"33":{"start":{"line":95,"column":21},"end":{"line":95,"column":61}},"34":{"start":{"line":96,"column":6},"end":{"line":99,"column":7}},"35":{"start":{"line":97,"column":8},"end":{"line":97,"column":69}},"36":{"start":{"line":98,"column":8},"end":{"line":98,"column":15}},"37":{"start":{"line":101,"column":6},"end":{"line":101,"column":48}},"38":{"start":{"line":103,"column":6},"end":{"line":103,"column":59}},"39":{"start":{"line":110,"column":2},"end":{"line":124,"column":5}},"40":{"start":{"line":111,"column":4},"end":{"line":111,"column":36}},"41":{"start":{"line":113,"column":4},"end":{"line":116,"column":5}},"42":{"start":{"line":114,"column":6},"end":{"line":114,"column":57}},"43":{"start":{"line":115,"column":6},"end":{"line":115,"column":13}},"44":{"start":{"line":117,"column":4},"end":{"line":123,"column":5}},"45":{"start":{"line":118,"column":21},"end":{"line":118,"column":77}},"46":{"start":{"line":120,"column":6},"end":{"line":120,"column":48}},"47":{"start":{"line":122,"column":6},"end":{"line":122,"column":59}},"48":{"start":{"line":128,"column":0},"end":{"line":128,"column":24}}},"fnMap":{"0":{"name":"(anonymous_0)","decl":{"start":{"line":24,"column":16},"end":{"line":24,"column":17}},"loc":{"start":{"line":24,"column":30},"end":{"line":26,"column":1}},"line":24},"1":{"name":"(anonymous_1)","decl":{"start":{"line":32,"column":24},"end":{"line":32,"column":25}},"loc":{"start":{"line":32,"column":43},"end":{"line":44,"column":1}},"line":32},"2":{"name":"(anonymous_2)","decl":{"start":{"line":49,"column":27},"end":{"line":49,"column":28}},"loc":{"start":{"line":49,"column":47},"end":{"line":63,"column":3}},"line":49},"3":{"name":"(anonymous_3)","decl":{"start":{"line":68,"column":24},"end":{"line":68,"column":25}},"loc":{"start":{"line":68,"column":44},"end":{"line":88,"column":1}},"line":68},"4":{"name":"(anonymous_4)","decl":{"start":{"line":93,"column":30},"end":{"line":93,"column":31}},"loc":{"start":{"line":93,"column":50},"end":{"line":105,"column":3}},"line":93},"5":{"name":"(anonymous_5)","decl":{"start":{"line":110,"column":29},"end":{"line":110,"column":30}},"loc":{"start":{"line":110,"column":49},"end":{"line":124,"column":3}},"line":110}},"branchMap":{"0":{"loc":{"start":{"line":54,"column":6},"end":{"line":57,"column":7}},"type":"if","locations":[{"start":{"line":54,"column":6},"end":{"line":57,"column":7}},{"start":{},"end":{}}],"line":54},"1":{"loc":{"start":{"line":70,"column":4},"end":{"line":73,"column":5}},"type":"if","locations":[{"start":{"line":70,"column":4},"end":{"line":73,"column":5}},{"start":{},"end":{}}],"line":70},"2":{"loc":{"start":{"line":70,"column":7},"end":{"line":70,"column":59}},"type":"binary-expr","locations":[{"start":{"line":70,"column":7},"end":{"line":70,"column":21}},{"start":{"line":70,"column":25},"end":{"line":70,"column":40}},{"start":{"line":70,"column":44},"end":{"line":70,"column":59}}],"line":70},"3":{"loc":{"start":{"line":96,"column":6},"end":{"line":99,"column":7}},"type":"if","locations":[{"start":{"line":96,"column":6},"end":{"line":99,"column":7}},{"start":{},"end":{}}],"line":96},"4":{"loc":{"start":{"line":113,"column":4},"end":{"line":116,"column":5}},"type":"if","locations":[{"start":{"line":113,"column":4},"end":{"line":116,"column":5}},{"start":{},"end":{}}],"line":113}},"s":{"0":4,"1":4,"2":4,"3":4,"4":4,"5":4,"6":4,"7":0,"8":4,"9":1,"10":1,"11":1,"12":0,"13":4,"14":2,"15":2,"16":2,"17":2,"18":1,"19":1,"20":1,"21":0,"22":4,"23":2,"24":1,"25":1,"26":1,"27":1,"28":1,"29":1,"30":0,"31":4,"32":3,"33":3,"34":3,"35":1,"36":1,"37":1,"38":1,"39":4,"40":2,"41":2,"42":1,"43":1,"44":1,"45":1,"46":1,"47":0,"48":4},"f":{"0":0,"1":1,"2":2,"3":2,"4":3,"5":2},"b":{"0":[1,1],"1":[1,1],"2":[2,2,1],"3":[1,1],"4":[1,1]},"_coverageSchema":"1a1c01bbd47fc00a2c39e90264f33305004495a9","hash":"23285a5ba0597971c3ad30fd716f960c423f0efe"}
,"/Users/ericfouh/Downloads/CIS3500-SP23/Lecture-Examples/Fall23/StudentsAppBackend/tests/testUtils.js": {"path":"/Users/ericfouh/Downloads/CIS3500-SP23/Lecture-Examples/Fall23/StudentsAppBackend/tests/testUtils.js","statementMap":{"0":{"start":{"line":11,"column":27},"end":{"line":14,"column":1}},"1":{"start":{"line":12,"column":19},"end":{"line":12,"column":70}},"2":{"start":{"line":13,"column":4},"end":{"line":13,"column":29}},"3":{"start":{"line":21,"column":29},"end":{"line":33,"column":1}},"4":{"start":{"line":22,"column":4},"end":{"line":32,"column":7}},"5":{"start":{"line":23,"column":21},"end":{"line":23,"column":83}},"6":{"start":{"line":24,"column":31},"end":{"line":24,"column":37}},"7":{"start":{"line":25,"column":6},"end":{"line":29,"column":7}},"8":{"start":{"line":26,"column":8},"end":{"line":26,"column":65}},"9":{"start":{"line":28,"column":8},"end":{"line":28,"column":63}},"10":{"start":{"line":31,"column":8},"end":{"line":31,"column":42}},"11":{"start":{"line":37,"column":21},"end":{"line":41,"column":1}},"12":{"start":{"line":51,"column":18},"end":{"line":59,"column":1}},"13":{"start":{"line":52,"column":14},"end":{"line":52,"column":19}},"14":{"start":{"line":53,"column":2},"end":{"line":57,"column":5}},"15":{"start":{"line":54,"column":4},"end":{"line":56,"column":5}},"16":{"start":{"line":55,"column":6},"end":{"line":55,"column":19}},"17":{"start":{"line":58,"column":2},"end":{"line":58,"column":15}},"18":{"start":{"line":63,"column":0},"end":{"line":68,"column":4}}},"fnMap":{"0":{"name":"(anonymous_0)","decl":{"start":{"line":11,"column":27},"end":{"line":11,"column":28}},"loc":{"start":{"line":11,"column":51},"end":{"line":14,"column":1}},"line":11},"1":{"name":"(anonymous_1)","decl":{"start":{"line":21,"column":29},"end":{"line":21,"column":30}},"loc":{"start":{"line":21,"column":53},"end":{"line":33,"column":1}},"line":21},"2":{"name":"(anonymous_2)","decl":{"start":{"line":51,"column":18},"end":{"line":51,"column":19}},"loc":{"start":{"line":51,"column":31},"end":{"line":59,"column":1}},"line":51},"3":{"name":"(anonymous_3)","decl":{"start":{"line":53,"column":10},"end":{"line":53,"column":11}},"loc":{"start":{"line":53,"column":16},"end":{"line":57,"column":3}},"line":53}},"branchMap":{"0":{"loc":{"start":{"line":25,"column":6},"end":{"line":29,"column":7}},"type":"if","locations":[{"start":{"line":25,"column":6},"end":{"line":29,"column":7}},{"start":{"line":27,"column":13},"end":{"line":29,"column":7}}],"line":25},"1":{"loc":{"start":{"line":54,"column":4},"end":{"line":56,"column":5}},"type":"if","locations":[{"start":{"line":54,"column":4},"end":{"line":56,"column":5}},{"start":{},"end":{}}],"line":54}},"s":{"0":4,"1":3,"2":3,"3":4,"4":4,"5":4,"6":4,"7":4,"8":3,"9":1,"10":0,"11":4,"12":4,"13":2,"14":2,"15":12,"16":2,"17":2,"18":4},"f":{"0":3,"1":4,"2":2,"3":12},"b":{"0":[3,1],"1":[2,10]},"_coverageSchema":"1a1c01bbd47fc00a2c39e90264f33305004495a9","hash":"41cbfb54d9fbdc29ff112d208a0e4dd639cef6f1"}
}
