TN:
SF:DbOperations.js
FN:25,(anonymous_0)
FN:43,(anonymous_1)
FN:55,(anonymous_2)
FN:64,(anonymous_3)
FN:85,(anonymous_4)
FN:114,(anonymous_5)
FN:134,(anonymous_6)
FN:155,(anonymous_7)
FNF:8
FNH:8
FNDA:4,(anonymous_0)
FNDA:8,(anonymous_1)
FNDA:4,(anonymous_2)
FNDA:1,(anonymous_3)
FNDA:1,(anonymous_4)
FNDA:2,(anonymous_5)
FNDA:1,(anonymous_6)
FNDA:3,(anonymous_7)
DA:10,4
DA:13,4
DA:16,4
DA:25,4
DA:27,4
DA:28,4
DA:33,4
DA:34,4
DA:36,0
DA:43,4
DA:45,8
DA:46,0
DA:48,8
DA:55,4
DA:56,4
DA:64,4
DA:65,1
DA:67,1
DA:68,1
DA:70,1
DA:71,1
DA:73,0
DA:85,4
DA:87,1
DA:88,1
DA:89,1
DA:114,4
DA:115,2
DA:117,2
DA:118,2
DA:120,1
DA:121,1
DA:123,1
DA:134,4
DA:135,1
DA:137,1
DA:138,1
DA:142,1
DA:144,0
DA:155,4
DA:156,3
DA:158,3
DA:159,3
DA:163,2
DA:164,2
DA:166,1
DA:171,4
LF:47
LH:43
BRDA:45,0,0,0
BRDA:45,0,1,8
BRF:2
BRH:1
end_of_record
TN:
SF:server.js
FN:24,(anonymous_0)
FN:32,(anonymous_1)
FN:49,(anonymous_2)
FN:68,(anonymous_3)
FN:93,(anonymous_4)
FN:110,(anonymous_5)
FNF:6
FNH:5
FNDA:0,(anonymous_0)
FNDA:1,(anonymous_1)
FNDA:2,(anonymous_2)
FNDA:2,(anonymous_3)
FNDA:3,(anonymous_4)
FNDA:2,(anonymous_5)
DA:6,4
DA:9,4
DA:12,4
DA:15,4
DA:18,4
DA:21,4
DA:24,4
DA:25,0
DA:32,4
DA:33,1
DA:35,1
DA:37,1
DA:41,0
DA:49,4
DA:50,2
DA:51,2
DA:53,2
DA:54,2
DA:55,1
DA:56,1
DA:59,1
DA:61,0
DA:68,4
DA:70,2
DA:71,1
DA:72,1
DA:74,1
DA:76,1
DA:81,1
DA:82,1
DA:85,0
DA:93,4
DA:94,3
DA:95,3
DA:96,3
DA:97,1
DA:98,1
DA:101,1
DA:103,1
DA:110,4
DA:111,2
DA:113,2
DA:114,1
DA:115,1
DA:117,1
DA:118,1
DA:120,1
DA:122,0
DA:128,4
LF:49
LH:44
BRDA:54,0,0,1
BRDA:54,0,1,1
BRDA:70,1,0,1
BRDA:70,1,1,1
BRDA:70,2,0,2
BRDA:70,2,1,2
BRDA:70,2,2,1
BRDA:96,3,0,1
BRDA:96,3,1,1
BRDA:113,4,0,1
BRDA:113,4,1,1
BRF:11
BRH:11
end_of_record
TN:
SF:tests/testUtils.js
FN:11,(anonymous_0)
FN:21,(anonymous_1)
FN:51,(anonymous_2)
FN:53,(anonymous_3)
FNF:4
FNH:4
FNDA:3,(anonymous_0)
FNDA:4,(anonymous_1)
FNDA:2,(anonymous_2)
FNDA:12,(anonymous_3)
DA:11,4
DA:12,3
DA:13,3
DA:21,4
DA:22,4
DA:23,4
DA:24,4
DA:25,4
DA:26,3
DA:28,1
DA:31,0
DA:37,4
DA:51,4
DA:52,2
DA:53,2
DA:54,12
DA:55,2
DA:58,2
DA:63,4
LF:19
LH:18
BRDA:25,0,0,3
BRDA:25,0,1,1
BRDA:54,1,0,2
BRDA:54,1,1,10
BRF:4
BRH:4
end_of_record
