{"/Users/ericfouh/Downloads/CIS557-FA22/Code-Demo/mongodb/Backend_testing(API_Integration)/dbFunctions.js": {"path":"/Users/ericfouh/Downloads/CIS557-FA22/Code-Demo/mongodb/Backend_testing(API_Integration)/dbFunctions.js","statementMap":{"0":{"start":{"line":4,"column":24},"end":{"line":4,"column":42}},"1":{"start":{"line":7,"column":21},"end":{"line":7,"column":39}},"2":{"start":{"line":10,"column":14},"end":{"line":10,"column":123}},"3":{"start":{"line":19,"column":16},"end":{"line":32,"column":1}},"4":{"start":{"line":21,"column":2},"end":{"line":31,"column":3}},"5":{"start":{"line":22,"column":4},"end":{"line":25,"column":7}},"6":{"start":{"line":27,"column":4},"end":{"line":27,"column":73}},"7":{"start":{"line":28,"column":4},"end":{"line":28,"column":27}},"8":{"start":{"line":30,"column":4},"end":{"line":30,"column":29}},"9":{"start":{"line":37,"column":14},"end":{"line":43,"column":1}},"10":{"start":{"line":39,"column":2},"end":{"line":41,"column":3}},"11":{"start":{"line":40,"column":4},"end":{"line":40,"column":20}},"12":{"start":{"line":42,"column":2},"end":{"line":42,"column":30}},"13":{"start":{"line":49,"column":31},"end":{"line":51,"column":1}},"14":{"start":{"line":50,"column":2},"end":{"line":50,"column":32}},"15":{"start":{"line":56,"column":19},"end":{"line":72,"column":1}},"16":{"start":{"line":58,"column":13},"end":{"line":58,"column":26}},"17":{"start":{"line":59,"column":2},"end":{"line":71,"column":4}},"18":{"start":{"line":63,"column":6},"end":{"line":65,"column":7}},"19":{"start":{"line":64,"column":8},"end":{"line":64,"column":45}},"20":{"start":{"line":67,"column":6},"end":{"line":67,"column":71}},"21":{"start":{"line":69,"column":6},"end":{"line":69,"column":31}},"22":{"start":{"line":76,"column":23},"end":{"line":87,"column":1}},"23":{"start":{"line":77,"column":2},"end":{"line":86,"column":3}},"24":{"start":{"line":79,"column":15},"end":{"line":79,"column":28}},"25":{"start":{"line":80,"column":19},"end":{"line":80,"column":69}},"26":{"start":{"line":82,"column":4},"end":{"line":82,"column":55}},"27":{"start":{"line":83,"column":4},"end":{"line":83,"column":18}},"28":{"start":{"line":85,"column":4},"end":{"line":85,"column":41}},"29":{"start":{"line":90,"column":20},"end":{"line":101,"column":1}},"30":{"start":{"line":91,"column":2},"end":{"line":100,"column":3}},"31":{"start":{"line":93,"column":15},"end":{"line":93,"column":28}},"32":{"start":{"line":94,"column":19},"end":{"line":94,"column":88}},"33":{"start":{"line":96,"column":4},"end":{"line":96,"column":54}},"34":{"start":{"line":97,"column":4},"end":{"line":97,"column":18}},"35":{"start":{"line":99,"column":4},"end":{"line":99,"column":41}},"36":{"start":{"line":104,"column":22},"end":{"line":116,"column":1}},"37":{"start":{"line":105,"column":2},"end":{"line":115,"column":3}},"38":{"start":{"line":107,"column":15},"end":{"line":107,"column":28}},"39":{"start":{"line":108,"column":19},"end":{"line":111,"column":5}},"40":{"start":{"line":112,"column":4},"end":{"line":112,"column":18}},"41":{"start":{"line":114,"column":4},"end":{"line":114,"column":41}},"42":{"start":{"line":119,"column":22},"end":{"line":132,"column":1}},"43":{"start":{"line":120,"column":2},"end":{"line":131,"column":3}},"44":{"start":{"line":122,"column":15},"end":{"line":122,"column":28}},"45":{"start":{"line":123,"column":19},"end":{"line":125,"column":5}},"46":{"start":{"line":127,"column":4},"end":{"line":127,"column":54}},"47":{"start":{"line":128,"column":4},"end":{"line":128,"column":18}},"48":{"start":{"line":130,"column":4},"end":{"line":130,"column":41}},"49":{"start":{"line":135,"column":0},"end":{"line":144,"column":2}}},"fnMap":{"0":{"name":"(anonymous_0)","decl":{"start":{"line":19,"column":16},"end":{"line":19,"column":17}},"loc":{"start":{"line":19,"column":28},"end":{"line":32,"column":1}},"line":19},"1":{"name":"(anonymous_1)","decl":{"start":{"line":37,"column":14},"end":{"line":37,"column":15}},"loc":{"start":{"line":37,"column":26},"end":{"line":43,"column":1}},"line":37},"2":{"name":"(anonymous_2)","decl":{"start":{"line":49,"column":31},"end":{"line":49,"column":32}},"loc":{"start":{"line":49,"column":43},"end":{"line":51,"column":1}},"line":49},"3":{"name":"(anonymous_3)","decl":{"start":{"line":56,"column":19},"end":{"line":56,"column":20}},"loc":{"start":{"line":56,"column":41},"end":{"line":72,"column":1}},"line":56},"4":{"name":"(anonymous_4)","decl":{"start":{"line":61,"column":4},"end":{"line":61,"column":5}},"loc":{"start":{"line":61,"column":21},"end":{"line":70,"column":5}},"line":61},"5":{"name":"(anonymous_5)","decl":{"start":{"line":76,"column":23},"end":{"line":76,"column":24}},"loc":{"start":{"line":76,"column":35},"end":{"line":87,"column":1}},"line":76},"6":{"name":"(anonymous_6)","decl":{"start":{"line":90,"column":20},"end":{"line":90,"column":21}},"loc":{"start":{"line":90,"column":41},"end":{"line":101,"column":1}},"line":90},"7":{"name":"(anonymous_7)","decl":{"start":{"line":104,"column":22},"end":{"line":104,"column":23}},"loc":{"start":{"line":104,"column":53},"end":{"line":116,"column":1}},"line":104},"8":{"name":"(anonymous_8)","decl":{"start":{"line":119,"column":22},"end":{"line":119,"column":23}},"loc":{"start":{"line":119,"column":43},"end":{"line":132,"column":1}},"line":119}},"branchMap":{"0":{"loc":{"start":{"line":39,"column":2},"end":{"line":41,"column":3}},"type":"if","locations":[{"start":{"line":39,"column":2},"end":{"line":41,"column":3}},{"start":{},"end":{}}],"line":39},"1":{"loc":{"start":{"line":63,"column":6},"end":{"line":65,"column":7}},"type":"if","locations":[{"start":{"line":63,"column":6},"end":{"line":65,"column":7}},{"start":{},"end":{}}],"line":63}},"s":{"0":4,"1":4,"2":4,"3":4,"4":4,"5":4,"6":4,"7":4,"8":0,"9":4,"10":11,"11":0,"12":11,"13":4,"14":4,"15":4,"16":4,"17":4,"18":4,"19":0,"20":4,"21":4,"22":4,"23":1,"24":1,"25":1,"26":1,"27":1,"28":0,"29":4,"30":2,"31":2,"32":2,"33":1,"34":1,"35":1,"36":4,"37":1,"38":1,"39":1,"40":1,"41":0,"42":4,"43":3,"44":3,"45":3,"46":2,"47":2,"48":1,"49":4},"f":{"0":4,"1":11,"2":4,"3":4,"4":4,"5":1,"6":2,"7":1,"8":3},"b":{"0":[0,11],"1":[0,4]},"_coverageSchema":"1a1c01bbd47fc00a2c39e90264f33305004495a9","hash":"629a604d2109bbd22692ed7e0257ade6895b21e8"}
,"/Users/ericfouh/Downloads/CIS557-FA22/Code-Demo/mongodb/Backend_testing(API_Integration)/server.js": {"path":"/Users/ericfouh/Downloads/CIS557-FA22/Code-Demo/mongodb/Backend_testing(API_Integration)/server.js","statementMap":{"0":{"start":{"line":5,"column":16},"end":{"line":5,"column":34}},"1":{"start":{"line":9,"column":13},"end":{"line":9,"column":28}},"2":{"start":{"line":12,"column":15},"end":{"line":12,"column":24}},"3":{"start":{"line":15,"column":0},"end":{"line":15,"column":19}},"4":{"start":{"line":18,"column":0},"end":{"line":18,"column":51}},"5":{"start":{"line":21,"column":14},"end":{"line":21,"column":38}},"6":{"start":{"line":25,"column":0},"end":{"line":27,"column":3}},"7":{"start":{"line":26,"column":2},"end":{"line":26,"column":54}},"8":{"start":{"line":30,"column":0},"end":{"line":40,"column":3}},"9":{"start":{"line":31,"column":2},"end":{"line":31,"column":35}},"10":{"start":{"line":32,"column":2},"end":{"line":39,"column":3}},"11":{"start":{"line":34,"column":20},"end":{"line":34,"column":48}},"12":{"start":{"line":36,"column":4},"end":{"line":36,"column":44}},"13":{"start":{"line":38,"column":4},"end":{"line":38,"column":57}},"14":{"start":{"line":43,"column":0},"end":{"line":57,"column":3}},"15":{"start":{"line":44,"column":2},"end":{"line":44,"column":32}},"16":{"start":{"line":45,"column":2},"end":{"line":56,"column":3}},"17":{"start":{"line":47,"column":20},"end":{"line":47,"column":58}},"18":{"start":{"line":48,"column":4},"end":{"line":51,"column":5}},"19":{"start":{"line":49,"column":6},"end":{"line":49,"column":57}},"20":{"start":{"line":50,"column":6},"end":{"line":50,"column":13}},"21":{"start":{"line":53,"column":4},"end":{"line":53,"column":44}},"22":{"start":{"line":55,"column":4},"end":{"line":55,"column":57}},"23":{"start":{"line":60,"column":0},"end":{"line":80,"column":3}},"24":{"start":{"line":61,"column":2},"end":{"line":61,"column":34}},"25":{"start":{"line":63,"column":2},"end":{"line":66,"column":3}},"26":{"start":{"line":64,"column":4},"end":{"line":64,"column":71}},"27":{"start":{"line":65,"column":4},"end":{"line":65,"column":11}},"28":{"start":{"line":67,"column":2},"end":{"line":79,"column":3}},"29":{"start":{"line":69,"column":23},"end":{"line":73,"column":5}},"30":{"start":{"line":74,"column":19},"end":{"line":74,"column":53}},"31":{"start":{"line":76,"column":4},"end":{"line":76,"column":66}},"32":{"start":{"line":78,"column":4},"end":{"line":78,"column":57}},"33":{"start":{"line":83,"column":0},"end":{"line":96,"column":3}},"34":{"start":{"line":84,"column":2},"end":{"line":84,"column":34}},"35":{"start":{"line":85,"column":2},"end":{"line":95,"column":3}},"36":{"start":{"line":86,"column":19},"end":{"line":86,"column":59}},"37":{"start":{"line":87,"column":4},"end":{"line":90,"column":5}},"38":{"start":{"line":88,"column":6},"end":{"line":88,"column":67}},"39":{"start":{"line":89,"column":6},"end":{"line":89,"column":13}},"40":{"start":{"line":92,"column":4},"end":{"line":92,"column":46}},"41":{"start":{"line":94,"column":4},"end":{"line":94,"column":57}},"42":{"start":{"line":99,"column":0},"end":{"line":113,"column":3}},"43":{"start":{"line":100,"column":2},"end":{"line":100,"column":34}},"44":{"start":{"line":102,"column":2},"end":{"line":105,"column":3}},"45":{"start":{"line":103,"column":4},"end":{"line":103,"column":55}},"46":{"start":{"line":104,"column":4},"end":{"line":104,"column":11}},"47":{"start":{"line":106,"column":2},"end":{"line":112,"column":3}},"48":{"start":{"line":107,"column":19},"end":{"line":107,"column":75}},"49":{"start":{"line":109,"column":4},"end":{"line":109,"column":46}},"50":{"start":{"line":111,"column":4},"end":{"line":111,"column":57}},"51":{"start":{"line":116,"column":0},"end":{"line":118,"column":3}},"52":{"start":{"line":117,"column":2},"end":{"line":117,"column":55}},"53":{"start":{"line":121,"column":0},"end":{"line":121,"column":24}}},"fnMap":{"0":{"name":"(anonymous_0)","decl":{"start":{"line":25,"column":16},"end":{"line":25,"column":17}},"loc":{"start":{"line":25,"column":31},"end":{"line":27,"column":1}},"line":25},"1":{"name":"(anonymous_1)","decl":{"start":{"line":30,"column":24},"end":{"line":30,"column":25}},"loc":{"start":{"line":30,"column":44},"end":{"line":40,"column":1}},"line":30},"2":{"name":"(anonymous_2)","decl":{"start":{"line":43,"column":27},"end":{"line":43,"column":28}},"loc":{"start":{"line":43,"column":47},"end":{"line":57,"column":1}},"line":43},"3":{"name":"(anonymous_3)","decl":{"start":{"line":60,"column":25},"end":{"line":60,"column":26}},"loc":{"start":{"line":60,"column":45},"end":{"line":80,"column":1}},"line":60},"4":{"name":"(anonymous_4)","decl":{"start":{"line":83,"column":30},"end":{"line":83,"column":31}},"loc":{"start":{"line":83,"column":50},"end":{"line":96,"column":1}},"line":83},"5":{"name":"(anonymous_5)","decl":{"start":{"line":99,"column":27},"end":{"line":99,"column":28}},"loc":{"start":{"line":99,"column":47},"end":{"line":113,"column":1}},"line":99},"6":{"name":"(anonymous_6)","decl":{"start":{"line":116,"column":11},"end":{"line":116,"column":12}},"loc":{"start":{"line":116,"column":26},"end":{"line":118,"column":1}},"line":116}},"branchMap":{"0":{"loc":{"start":{"line":48,"column":4},"end":{"line":51,"column":5}},"type":"if","locations":[{"start":{"line":48,"column":4},"end":{"line":51,"column":5}},{"start":{},"end":{}}],"line":48},"1":{"loc":{"start":{"line":63,"column":2},"end":{"line":66,"column":3}},"type":"if","locations":[{"start":{"line":63,"column":2},"end":{"line":66,"column":3}},{"start":{},"end":{}}],"line":63},"2":{"loc":{"start":{"line":63,"column":6},"end":{"line":63,"column":58}},"type":"binary-expr","locations":[{"start":{"line":63,"column":6},"end":{"line":63,"column":20}},{"start":{"line":63,"column":24},"end":{"line":63,"column":39}},{"start":{"line":63,"column":43},"end":{"line":63,"column":58}}],"line":63},"3":{"loc":{"start":{"line":87,"column":4},"end":{"line":90,"column":5}},"type":"if","locations":[{"start":{"line":87,"column":4},"end":{"line":90,"column":5}},{"start":{},"end":{}}],"line":87},"4":{"loc":{"start":{"line":102,"column":2},"end":{"line":105,"column":3}},"type":"if","locations":[{"start":{"line":102,"column":2},"end":{"line":105,"column":3}},{"start":{},"end":{}}],"line":102}},"s":{"0":4,"1":4,"2":4,"3":4,"4":4,"5":4,"6":4,"7":0,"8":4,"9":1,"10":1,"11":1,"12":1,"13":0,"14":4,"15":2,"16":2,"17":2,"18":2,"19":1,"20":1,"21":1,"22":0,"23":4,"24":5,"25":5,"26":1,"27":1,"28":4,"29":4,"30":4,"31":4,"32":0,"33":4,"34":3,"35":3,"36":3,"37":3,"38":1,"39":1,"40":1,"41":1,"42":4,"43":2,"44":2,"45":1,"46":1,"47":1,"48":1,"49":1,"50":0,"51":4,"52":0,"53":4},"f":{"0":0,"1":1,"2":2,"3":5,"4":3,"5":2,"6":0},"b":{"0":[1,1],"1":[1,4],"2":[5,5,4],"3":[1,1],"4":[1,1]},"_coverageSchema":"1a1c01bbd47fc00a2c39e90264f33305004495a9","hash":"8797e516528d9fd250d36a8220b46e3420016ab6"}
}
