TN:
SF:dbFunctions.js
FN:19,(anonymous_0)
FN:37,(anonymous_1)
FN:49,(anonymous_2)
FN:56,(anonymous_3)
FN:61,(anonymous_4)
FN:76,(anonymous_5)
FN:90,(anonymous_6)
FN:104,(anonymous_7)
FN:119,(anonymous_8)
FNF:9
FNH:9
FNDA:4,(anonymous_0)
FNDA:11,(anonymous_1)
FNDA:4,(anonymous_2)
FNDA:4,(anonymous_3)
FNDA:4,(anonymous_4)
FNDA:1,(anonymous_5)
FNDA:2,(anonymous_6)
FNDA:1,(anonymous_7)
FNDA:3,(anonymous_8)
DA:4,4
DA:7,4
DA:10,4
DA:19,4
DA:21,4
DA:22,4
DA:27,4
DA:28,4
DA:30,0
DA:37,4
DA:39,11
DA:40,0
DA:42,11
DA:49,4
DA:50,4
DA:56,4
DA:58,4
DA:59,4
DA:63,4
DA:64,0
DA:67,4
DA:69,4
DA:76,4
DA:77,1
DA:79,1
DA:80,1
DA:82,1
DA:83,1
DA:85,0
DA:90,4
DA:91,2
DA:93,2
DA:94,2
DA:96,1
DA:97,1
DA:99,1
DA:104,4
DA:105,1
DA:107,1
DA:108,1
DA:112,1
DA:114,0
DA:119,4
DA:120,3
DA:122,3
DA:123,3
DA:127,2
DA:128,2
DA:130,1
DA:135,4
LF:50
LH:45
BRDA:39,0,0,0
BRDA:39,0,1,11
BRDA:63,1,0,0
BRDA:63,1,1,4
BRF:4
BRH:2
end_of_record
TN:
SF:server.js
FN:25,(anonymous_0)
FN:30,(anonymous_1)
FN:43,(anonymous_2)
FN:60,(anonymous_3)
FN:83,(anonymous_4)
FN:99,(anonymous_5)
FN:116,(anonymous_6)
FNF:7
FNH:5
FNDA:0,(anonymous_0)
FNDA:1,(anonymous_1)
FNDA:2,(anonymous_2)
FNDA:5,(anonymous_3)
FNDA:3,(anonymous_4)
FNDA:2,(anonymous_5)
FNDA:0,(anonymous_6)
DA:5,4
DA:9,4
DA:12,4
DA:15,4
DA:18,4
DA:21,4
DA:25,4
DA:26,0
DA:30,4
DA:31,1
DA:32,1
DA:34,1
DA:36,1
DA:38,0
DA:43,4
DA:44,2
DA:45,2
DA:47,2
DA:48,2
DA:49,1
DA:50,1
DA:53,1
DA:55,0
DA:60,4
DA:61,5
DA:63,5
DA:64,1
DA:65,1
DA:67,4
DA:69,4
DA:74,4
DA:76,4
DA:78,0
DA:83,4
DA:84,3
DA:85,3
DA:86,3
DA:87,3
DA:88,1
DA:89,1
DA:92,1
DA:94,1
DA:99,4
DA:100,2
DA:102,2
DA:103,1
DA:104,1
DA:106,1
DA:107,1
DA:109,1
DA:111,0
DA:116,4
DA:117,0
DA:121,4
LF:54
LH:48
BRDA:48,0,0,1
BRDA:48,0,1,1
BRDA:63,1,0,1
BRDA:63,1,1,4
BRDA:63,2,0,5
BRDA:63,2,1,5
BRDA:63,2,2,4
BRDA:87,3,0,1
BRDA:87,3,1,1
BRDA:102,4,0,1
BRDA:102,4,1,1
BRF:11
BRH:11
end_of_record
