{"/Users/ericfouh/Documents/GitHub-Repos/Code-Examples/react/spa_snapshot_testing/weatherappspa/src/App.js": {"path":"/Users/ericfouh/Documents/GitHub-Repos/Code-Examples/react/spa_snapshot_testing/weatherappspa/src/App.js","statementMap":{"0":{"start":{"line":6,"column":17},"end":{"line":6,"column":96}},"1":{"start":{"line":7,"column":26},"end":{"line":7,"column":38}},"2":{"start":{"line":9,"column":17},"end":{"line":9,"column":19}},"3":{"start":{"line":11,"column":2},"end":{"line":35,"column":13}},"4":{"start":{"line":15,"column":16},"end":{"line":15,"column":36}},"5":{"start":{"line":16,"column":18},"end":{"line":16,"column":20}},"6":{"start":{"line":17,"column":4},"end":{"line":19,"column":5}},"7":{"start":{"line":18,"column":6},"end":{"line":18,"column":37}},"8":{"start":{"line":21,"column":19},"end":{"line":21,"column":23}},"9":{"start":{"line":22,"column":4},"end":{"line":24,"column":5}},"10":{"start":{"line":23,"column":6},"end":{"line":23,"column":25}},"11":{"start":{"line":25,"column":4},"end":{"line":34,"column":5}},"12":{"start":{"line":26,"column":6},"end":{"line":33,"column":9}},"13":{"start":{"line":27,"column":22},"end":{"line":27,"column":53}},"14":{"start":{"line":28,"column":8},"end":{"line":28,"column":46}},"15":{"start":{"line":29,"column":22},"end":{"line":29,"column":53}},"16":{"start":{"line":30,"column":8},"end":{"line":30,"column":72}},"17":{"start":{"line":31,"column":22},"end":{"line":31,"column":53}},"18":{"start":{"line":32,"column":8},"end":{"line":32,"column":56}},"19":{"start":{"line":37,"column":25},"end":{"line":39,"column":3}},"20":{"start":{"line":38,"column":4},"end":{"line":38,"column":31}},"21":{"start":{"line":41,"column":24},"end":{"line":46,"column":3}},"22":{"start":{"line":43,"column":4},"end":{"line":43,"column":23}},"23":{"start":{"line":45,"column":4},"end":{"line":45,"column":69}},"24":{"start":{"line":47,"column":21},"end":{"line":53,"column":3}},"25":{"start":{"line":49,"column":26},"end":{"line":49,"column":61}},"26":{"start":{"line":51,"column":6},"end":{"line":51,"column":49}},"27":{"start":{"line":52,"column":6},"end":{"line":52,"column":27}},"28":{"start":{"line":55,"column":2},"end":{"line":78,"column":4}},"29":{"start":{"line":59,"column":56},"end":{"line":59,"column":73}},"30":{"start":{"line":60,"column":56},"end":{"line":60,"column":71}},"31":{"start":{"line":67,"column":16},"end":{"line":67,"column":109}},"32":{"start":{"line":67,"column":72},"end":{"line":67,"column":90}},"33":{"start":{"line":73,"column":47},"end":{"line":73,"column":61}},"34":{"start":{"line":81,"column":19},"end":{"line":98,"column":1}},"35":{"start":{"line":82,"column":2},"end":{"line":97,"column":8}}},"fnMap":{"0":{"name":"WeatherApp","decl":{"start":{"line":5,"column":9},"end":{"line":5,"column":19}},"loc":{"start":{"line":5,"column":22},"end":{"line":79,"column":1}},"line":5},"1":{"name":"(anonymous_1)","decl":{"start":{"line":11,"column":12},"end":{"line":11,"column":13}},"loc":{"start":{"line":11,"column":18},"end":{"line":35,"column":3}},"line":11},"2":{"name":"(anonymous_2)","decl":{"start":{"line":26,"column":32},"end":{"line":26,"column":33}},"loc":{"start":{"line":26,"column":46},"end":{"line":33,"column":7}},"line":26},"3":{"name":"(anonymous_3)","decl":{"start":{"line":37,"column":25},"end":{"line":37,"column":26}},"loc":{"start":{"line":37,"column":32},"end":{"line":39,"column":3}},"line":37},"4":{"name":"(anonymous_4)","decl":{"start":{"line":41,"column":24},"end":{"line":41,"column":25}},"loc":{"start":{"line":41,"column":31},"end":{"line":46,"column":3}},"line":41},"5":{"name":"(anonymous_5)","decl":{"start":{"line":47,"column":21},"end":{"line":47,"column":22}},"loc":{"start":{"line":47,"column":30},"end":{"line":53,"column":3}},"line":47},"6":{"name":"(anonymous_6)","decl":{"start":{"line":59,"column":49},"end":{"line":59,"column":50}},"loc":{"start":{"line":59,"column":56},"end":{"line":59,"column":73}},"line":59},"7":{"name":"(anonymous_7)","decl":{"start":{"line":60,"column":50},"end":{"line":60,"column":51}},"loc":{"start":{"line":60,"column":56},"end":{"line":60,"column":71}},"line":60},"8":{"name":"(anonymous_8)","decl":{"start":{"line":66,"column":26},"end":{"line":66,"column":27}},"loc":{"start":{"line":67,"column":16},"end":{"line":67,"column":109}},"line":67},"9":{"name":"(anonymous_9)","decl":{"start":{"line":67,"column":60},"end":{"line":67,"column":61}},"loc":{"start":{"line":67,"column":72},"end":{"line":67,"column":90}},"line":67},"10":{"name":"(anonymous_10)","decl":{"start":{"line":73,"column":40},"end":{"line":73,"column":41}},"loc":{"start":{"line":73,"column":47},"end":{"line":73,"column":61}},"line":73},"11":{"name":"(anonymous_11)","decl":{"start":{"line":81,"column":19},"end":{"line":81,"column":20}},"loc":{"start":{"line":82,"column":2},"end":{"line":97,"column":8}},"line":82}},"branchMap":{"0":{"loc":{"start":{"line":17,"column":4},"end":{"line":19,"column":5}},"type":"if","locations":[{"start":{"line":17,"column":4},"end":{"line":19,"column":5}},{"start":{},"end":{}}],"line":17},"1":{"loc":{"start":{"line":22,"column":4},"end":{"line":24,"column":5}},"type":"if","locations":[{"start":{"line":22,"column":4},"end":{"line":24,"column":5}},{"start":{},"end":{}}],"line":22},"2":{"loc":{"start":{"line":22,"column":8},"end":{"line":22,"column":37}},"type":"binary-expr","locations":[{"start":{"line":22,"column":8},"end":{"line":22,"column":22}},{"start":{"line":22,"column":26},"end":{"line":22,"column":37}}],"line":22},"3":{"loc":{"start":{"line":25,"column":4},"end":{"line":34,"column":5}},"type":"if","locations":[{"start":{"line":25,"column":4},"end":{"line":34,"column":5}},{"start":{},"end":{}}],"line":25}},"s":{"0":5,"1":5,"2":5,"3":5,"4":4,"5":4,"6":4,"7":4,"8":4,"9":4,"10":0,"11":4,"12":1,"13":0,"14":0,"15":0,"16":0,"17":0,"18":0,"19":5,"20":12,"21":5,"22":0,"23":0,"24":5,"25":1,"26":1,"27":1,"28":5,"29":12,"30":0,"31":35,"32":1,"33":1,"34":1,"35":1},"f":{"0":5,"1":4,"2":0,"3":12,"4":0,"5":1,"6":12,"7":0,"8":35,"9":1,"10":1,"11":1},"b":{"0":[4,0],"1":[0,4],"2":[4,1],"3":[1,3]},"_coverageSchema":"1a1c01bbd47fc00a2c39e90264f33305004495a9","hash":"29232c4d4ed7f21e0aa57022725eaf20690be5ea"}
,"/Users/ericfouh/Documents/GitHub-Repos/Code-Examples/react/spa_snapshot_testing/weatherappspa/src/AppEvents.js": {"path":"/Users/ericfouh/Documents/GitHub-Repos/Code-Examples/react/spa_snapshot_testing/weatherappspa/src/AppEvents.js","statementMap":{"0":{"start":{"line":6,"column":44},"end":{"line":6,"column":56}},"1":{"start":{"line":9,"column":8},"end":{"line":9,"column":34}},"2":{"start":{"line":11,"column":4},"end":{"line":14,"column":25}},"3":{"start":{"line":12,"column":20},"end":{"line":12,"column":50}},"4":{"start":{"line":13,"column":8},"end":{"line":13,"column":37}},"5":{"start":{"line":16,"column":4},"end":{"line":27,"column":6}}},"fnMap":{"0":{"name":"AppEvents","decl":{"start":{"line":5,"column":9},"end":{"line":5,"column":18}},"loc":{"start":{"line":5,"column":21},"end":{"line":28,"column":1}},"line":5},"1":{"name":"updateEvent","decl":{"start":{"line":8,"column":13},"end":{"line":8,"column":24}},"loc":{"start":{"line":8,"column":29},"end":{"line":10,"column":5}},"line":8},"2":{"name":"(anonymous_2)","decl":{"start":{"line":11,"column":14},"end":{"line":11,"column":15}},"loc":{"start":{"line":11,"column":20},"end":{"line":14,"column":7}},"line":11}},"branchMap":{},"s":{"0":0,"1":0,"2":0,"3":0,"4":0,"5":0},"f":{"0":0,"1":0,"2":0},"b":{}}
,"/Users/ericfouh/Documents/GitHub-Repos/Code-Examples/react/spa_snapshot_testing/weatherappspa/src/getData.js": {"path":"/Users/ericfouh/Documents/GitHub-Repos/Code-Examples/react/spa_snapshot_testing/weatherappspa/src/getData.js","statementMap":{"0":{"start":{"line":3,"column":26},"end":{"line":8,"column":1}},"1":{"start":{"line":4,"column":19},"end":{"line":4,"column":131}},"2":{"start":{"line":5,"column":14},"end":{"line":5,"column":35}},"3":{"start":{"line":6,"column":15},"end":{"line":6,"column":25}},"4":{"start":{"line":7,"column":2},"end":{"line":7,"column":14}}},"fnMap":{"0":{"name":"(anonymous_0)","decl":{"start":{"line":3,"column":26},"end":{"line":3,"column":27}},"loc":{"start":{"line":3,"column":42},"end":{"line":8,"column":1}},"line":3}},"branchMap":{},"s":{"0":1,"1":1,"2":1,"3":0,"4":0},"f":{"0":1},"b":{},"_coverageSchema":"1a1c01bbd47fc00a2c39e90264f33305004495a9","hash":"b80ba95d67c141e38d0a3a8a71c69ca33bbe8e64"}
}
