TN:
SF:src/App.js
FN:5,WeatherApp
FN:11,(anonymous_1)
FN:26,(anonymous_2)
FN:37,(anonymous_3)
FN:41,(anonymous_4)
FN:47,(anonymous_5)
FN:59,(anonymous_6)
FN:60,(anonymous_7)
FN:66,(anonymous_8)
FN:67,(anonymous_9)
FN:73,(anonymous_10)
FN:81,(anonymous_11)
FNF:12
FNH:9
FNDA:5,WeatherApp
FNDA:4,(anonymous_1)
FNDA:0,(anonymous_2)
FNDA:12,(anonymous_3)
FNDA:0,(anonymous_4)
FNDA:1,(anonymous_5)
FNDA:12,(anonymous_6)
FNDA:0,(anonymous_7)
FNDA:35,(anonymous_8)
FNDA:1,(anonymous_9)
FNDA:1,(anonymous_10)
FNDA:1,(anonymous_11)
DA:6,5
DA:7,5
DA:9,5
DA:11,5
DA:15,4
DA:16,4
DA:17,4
DA:18,4
DA:21,4
DA:22,4
DA:23,0
DA:25,4
DA:26,1
DA:27,0
DA:28,0
DA:29,0
DA:30,0
DA:31,0
DA:32,0
DA:37,5
DA:38,12
DA:41,5
DA:43,0
DA:45,0
DA:47,5
DA:49,1
DA:51,1
DA:52,1
DA:55,5
DA:59,12
DA:60,0
DA:67,35
DA:73,1
DA:81,1
DA:82,1
LF:35
LH:25
BRDA:17,0,0,4
BRDA:17,0,1,0
BRDA:22,1,0,0
BRDA:22,1,1,4
BRDA:22,2,0,4
BRDA:22,2,1,1
BRDA:25,3,0,1
BRDA:25,3,1,3
BRF:8
BRH:6
end_of_record
TN:
SF:src/AppEvents.js
FN:5,AppEvents
FN:8,updateEvent
FN:11,(anonymous_2)
FNF:3
FNH:0
FNDA:0,AppEvents
FNDA:0,updateEvent
FNDA:0,(anonymous_2)
DA:6,0
DA:9,0
DA:11,0
DA:12,0
DA:13,0
DA:16,0
LF:6
LH:0
BRF:0
BRH:0
end_of_record
TN:
SF:src/getData.js
FN:3,(anonymous_0)
FNF:1
FNH:1
FNDA:1,(anonymous_0)
DA:3,1
DA:4,1
DA:5,1
DA:6,0
DA:7,0
LF:5
LH:3
BRF:0
BRH:0
end_of_record
